0 info it worked if it ends with ok
1 verbose cli [ '/usr/local/bin/node', '/usr/local/bin/npm', 'run', 'foo' ]
2 info using npm@3.10.9
3 info using node@v4.1.2
4 verbose run-script [ 'prefoo', 'foo', 'postfoo' ]
5 info lifecycle es6@1.0.0~prefoo: es6@1.0.0
6 silly lifecycle es6@1.0.0~prefoo: no script for prefoo, continuing
7 info lifecycle es6@1.0.0~foo: es6@1.0.0
8 verbose lifecycle es6@1.0.0~foo: unsafe-perm in lifecycle true
9 verbose lifecycle es6@1.0.0~foo: PATH: /usr/local/lib/node_modules/npm/bin/node-gyp-bin:/Users/imunteanu/play/js/es6/node_modules/.bin:/Users/imunteanu/perl5/perlbrew/bin:/Users/imunteanu/perl5/perlbrew/perls/perl-5.16.0/bin:/Library/Frameworks/Python.framework/Versions/3.6/bin:/Users/imunteanu/.rvm/gems/ruby-2.2.1/bin:/Users/imunteanu/.rvm/gems/ruby-2.2.1@global/bin:/Users/imunteanu/.rvm/rubies/ruby-2.2.1/bin:/Applications/Postgres.app/Contents/Versions/9.5//bin/:/usr/local/bin:/usr/bin:/bin:/usr/sbin:/sbin:/Library/Java/JavaVirtualMachines/latest/Contents/Home/bin:/usr/local/groovy/latest/bin:/usr/local/grails/latest/bin:/usr/local/ant/latest/bin:/usr/local/gradle/latest/bin:/usr/local/ngrok:/bin:/usr/local/elasticsearch/latest/bin:/usr/local/mvn/latest/bin:/usr/local/tomcat/latest/bin:/usr/local/spring/latest/bin:/Users/imunteanu/.rvm/bin:/usr/local/valgrind/latest/bin:/Users/imunteanu/.rvm/bin
10 verbose lifecycle es6@1.0.0~foo: CWD: /Users/imunteanu/play/js/es6
11 silly lifecycle es6@1.0.0~foo: Args: [ '-c', 'babel-node $FILE' ]
12 silly lifecycle es6@1.0.0~foo: Returned: code: 1  signal: null
13 info lifecycle es6@1.0.0~foo: Failed to exec foo script
14 verbose stack Error: es6@1.0.0 foo: `babel-node $FILE`
14 verbose stack Exit status 1
14 verbose stack     at EventEmitter.<anonymous> (/usr/local/lib/node_modules/npm/lib/utils/lifecycle.js:255:16)
14 verbose stack     at emitTwo (events.js:87:13)
14 verbose stack     at EventEmitter.emit (events.js:172:7)
14 verbose stack     at ChildProcess.<anonymous> (/usr/local/lib/node_modules/npm/lib/utils/spawn.js:40:14)
14 verbose stack     at emitTwo (events.js:87:13)
14 verbose stack     at ChildProcess.emit (events.js:172:7)
14 verbose stack     at maybeClose (internal/child_process.js:818:16)
14 verbose stack     at Process.ChildProcess._handle.onexit (internal/child_process.js:211:5)
15 verbose pkgid es6@1.0.0
16 verbose cwd /Users/imunteanu/play/js/es6/importexport
17 error Darwin 15.6.0
18 error argv "/usr/local/bin/node" "/usr/local/bin/npm" "run" "foo"
19 error node v4.1.2
20 error npm  v3.10.9
21 error code ELIFECYCLE
22 error es6@1.0.0 foo: `babel-node $FILE`
22 error Exit status 1
23 error Failed at the es6@1.0.0 foo script 'babel-node $FILE'.
23 error Make sure you have the latest version of node.js and npm installed.
23 error If you do, this is most likely a problem with the es6 package,
23 error not with npm itself.
23 error Tell the author that this fails on your system:
23 error     babel-node $FILE
23 error You can get information on how to open an issue for this project with:
23 error     npm bugs es6
23 error Or if that isn't available, you can get their info via:
23 error     npm owner ls es6
23 error There is likely additional logging output above.
24 verbose exit [ 1, true ]
